# JRE version: OpenJDK Runtime Environment Temurin-17.0.7+7 (17.0.7+7) (build 17.0.7+7)
# Java VM: OpenJDK 64-Bit Server VM Temurin-17.0.7+7 (17.0.7+7, mixed mode, tiered, compressed oops, compressed class ptrs, g1 gc, windows-amd64)
GC Precious Log:
 CPUs: 4 total, 4 available
 Memory: 8060M
 Large Page Support: Disabled
 NUMA Support: Disabled
 Compressed Oops: Enabled (32-bit)
 Heap Region Size: 1M
 Heap Min Capacity: 8M
 Heap Initial Capacity: 126M
 Heap Max Capacity: 2016M
 Pre-touch: Disabled
 Parallel Workers: 4
 Concurrent Workers: 1
 Concurrent Refinement Workers: 4
 Periodic GC: Disabled
Heap:
 garbage-first heap   total 45056K, used 29680K [0x0000000082000000, 0x0000000100000000)
  region size 1024K, 13 young (13312K), 2 survivors (2048K)
 Metaspace       used 41095K, committed 41536K, reserved 1114112K
  class space    used 4842K, committed 5056K, reserved 1048576K
GC Heap History (20 events):
Event: 4.372 GC heap before
{Heap before GC invocations=1 (full 0):
 garbage-first heap   total 129024K, used 18390K [0x0000000082000000, 0x0000000100000000)
  region size 1024K, 14 young (14336K), 2 survivors (2048K)
 Metaspace       used 13821K, committed 14016K, reserved 1114112K
  class space    used 1379K, committed 1472K, reserved 1048576K
}
Event: 4.377 GC heap after
{Heap after GC invocations=2 (full 0):
 garbage-first heap   total 129024K, used 7910K [0x0000000082000000, 0x0000000100000000)
  region size 1024K, 1 young (1024K), 1 survivors (1024K)
 Metaspace       used 13821K, committed 14016K, reserved 1114112K
  class space    used 1379K, committed 1472K, reserved 1048576K
}
Event: 6.065 GC heap before
{Heap before GC invocations=2 (full 0):
 garbage-first heap   total 129024K, used 33510K [0x0000000082000000, 0x0000000100000000)
  region size 1024K, 28 young (28672K), 1 survivors (1024K)
 Metaspace       used 21307K, committed 21504K, reserved 1114112K
  class space    used 2291K, committed 2368K, reserved 1048576K
}
Event: 6.073 GC heap after
{Heap after GC invocations=3 (full 0):
 garbage-first heap   total 129024K, used 10237K [0x0000000082000000, 0x0000000100000000)
  region size 1024K, 4 young (4096K), 4 survivors (4096K)
 Metaspace       used 21307K, committed 21504K, reserved 1114112K
  class space    used 2291K, committed 2368K, reserved 1048576K
}
Event: 8.637 GC heap before
{Heap before GC invocations=4 (full 0):
 garbage-first heap   total 45056K, used 31741K [0x0000000082000000, 0x0000000100000000)
  region size 1024K, 26 young (26624K), 4 survivors (4096K)
 Metaspace       used 26298K, committed 26560K, reserved 1114112K
  class space    used 2974K, committed 3072K, reserved 1048576K
}
Event: 8.649 GC heap after
{Heap after GC invocations=5 (full 0):
 garbage-first heap   total 45056K, used 12684K [0x0000000082000000, 0x0000000100000000)
  region size 1024K, 3 young (3072K), 3 survivors (3072K)
 Metaspace       used 26298K, committed 26560K, reserved 1114112K
  class space    used 2974K, committed 3072K, reserved 1048576K
}
Event: 8.709 GC heap before
{Heap before GC invocations=5 (full 0):
 garbage-first heap   total 45056K, used 13708K [0x0000000082000000, 0x0000000100000000)
  region size 1024K, 4 young (4096K), 3 survivors (3072K)
 Metaspace       used 26528K, committed 26816K, reserved 1114112K
  class space    used 2994K, committed 3136K, reserved 1048576K
}
Event: 8.714 GC heap after
{Heap after GC invocations=6 (full 0):
 garbage-first heap   total 45056K, used 12728K [0x0000000082000000, 0x0000000100000000)
  region size 1024K, 1 young (1024K), 1 survivors (1024K)
 Metaspace       used 26528K, committed 26816K, reserved 1114112K
  class space    used 2994K, committed 3136K, reserved 1048576K
}
Event: 10.797 GC heap before
{Heap before GC invocations=6 (full 0):
 garbage-first heap   total 45056K, used 29112K [0x0000000082000000, 0x0000000100000000)
  region size 1024K, 17 young (17408K), 1 survivors (1024K)
 Metaspace       used 28035K, committed 28288K, reserved 1114112K
  class space    used 3165K, committed 3264K, reserved 1048576K
}
Event: 10.801 GC heap after
{Heap after GC invocations=7 (full 0):
 garbage-first heap   total 45056K, used 13756K [0x0000000082000000, 0x0000000100000000)
  region size 1024K, 2 young (2048K), 2 survivors (2048K)
 Metaspace       used 28035K, committed 28288K, reserved 1114112K
  class space    used 3165K, committed 3264K, reserved 1048576K
}
Event: 12.671 GC heap before
{Heap before GC invocations=7 (full 0):
 garbage-first heap   total 45056K, used 29116K [0x0000000082000000, 0x0000000100000000)
  region size 1024K, 18 young (18432K), 2 survivors (2048K)
 Metaspace       used 29892K, committed 30208K, reserved 1114112K
  class space    used 3396K, committed 3520K, reserved 1048576K
}
Event: 12.676 GC heap after
{Heap after GC invocations=8 (full 0):
 garbage-first heap   total 45056K, used 14881K [0x0000000082000000, 0x0000000100000000)
  region size 1024K, 3 young (3072K), 3 survivors (3072K)
 Metaspace       used 29892K, committed 30208K, reserved 1114112K
  class space    used 3396K, committed 3520K, reserved 1048576K
}
Event: 14.683 GC heap before
{Heap before GC invocations=8 (full 0):
 garbage-first heap   total 45056K, used 32289K [0x0000000082000000, 0x0000000100000000)
  region size 1024K, 20 young (20480K), 3 survivors (3072K)
 Metaspace       used 32528K, committed 32896K, reserved 1114112K
  class space    used 3782K, committed 3968K, reserved 1048576K
}
Event: 14.691 GC heap after
{Heap after GC invocations=9 (full 0):
 garbage-first heap   total 45056K, used 16290K [0x0000000082000000, 0x0000000100000000)
  region size 1024K, 3 young (3072K), 3 survivors (3072K)
 Metaspace       used 32528K, committed 32896K, reserved 1114112K
  class space    used 3782K, committed 3968K, reserved 1048576K
}
Event: 15.609 GC heap before
{Heap before GC invocations=9 (full 0):
 garbage-first heap   total 45056K, used 31650K [0x0000000082000000, 0x0000000100000000)
  region size 1024K, 19 young (19456K), 3 survivors (3072K)
 Metaspace       used 35939K, committed 36288K, reserved 1114112K
  class space    used 4220K, committed 4416K, reserved 1048576K
}
Event: 15.616 GC heap after
{Heap after GC invocations=10 (full 0):
 garbage-first heap   total 45056K, used 17500K [0x0000000082000000, 0x0000000100000000)
  region size 1024K, 3 young (3072K), 3 survivors (3072K)
 Metaspace       used 35939K, committed 36288K, reserved 1114112K
  class space    used 4220K, committed 4416K, reserved 1048576K
}
Event: 17.018 GC heap before
{Heap before GC invocations=11 (full 0):
 garbage-first heap   total 45056K, used 32860K [0x0000000082000000, 0x0000000100000000)
  region size 1024K, 18 young (18432K), 3 survivors (3072K)
 Metaspace       used 38089K, committed 38464K, reserved 1114112K
  class space    used 4530K, committed 4736K, reserved 1048576K
}
Event: 17.028 GC heap after
{Heap after GC invocations=12 (full 0):
 garbage-first heap   total 45056K, used 18755K [0x0000000082000000, 0x0000000100000000)
  region size 1024K, 3 young (3072K), 3 survivors (3072K)
 Metaspace       used 38089K, committed 38464K, reserved 1114112K
  class space    used 4530K, committed 4736K, reserved 1048576K
}
Event: 18.103 GC heap before
{Heap before GC invocations=12 (full 0):
 garbage-first heap   total 45056K, used 34115K [0x0000000082000000, 0x0000000100000000)
  region size 1024K, 18 young (18432K), 3 survivors (3072K)
 Metaspace       used 39700K, committed 40064K, reserved 1114112K
  class space    used 4686K, committed 4864K, reserved 1048576K
}
Event: 18.110 GC heap after
{Heap after GC invocations=13 (full 0):
 garbage-first heap   total 45056K, used 19440K [0x0000000082000000, 0x0000000100000000)
  region size 1024K, 2 young (2048K), 2 survivors (2048K)
 Metaspace       used 39700K, committed 40064K, reserved 1114112K
  class space    used 4686K, committed 4864K, reserved 1048576K
}

