# JRE version: OpenJDK Runtime Environment Temurin-17.0.7+7 (17.0.7+7) (build 17.0.7+7)
# Java VM: OpenJDK 64-Bit Server VM Temurin-17.0.7+7 (17.0.7+7, mixed mode, tiered, compressed oops, compressed class ptrs, g1 gc, windows-amd64)
GC Precious Log:
 CPUs: 4 total, 4 available
 Memory: 8060M
 Large Page Support: Disabled
 NUMA Support: Disabled
 Compressed Oops: Enabled (32-bit)
 Heap Region Size: 1M
 Heap Min Capacity: 8M
 Heap Initial Capacity: 126M
 Heap Max Capacity: 2016M
 Pre-touch: Disabled
 Parallel Workers: 4
 Concurrent Workers: 1
 Concurrent Refinement Workers: 4
 Periodic GC: Disabled
Heap:
 garbage-first heap   total 83968K, used 60781K [0x0000000082000000, 0x0000000100000000)
  region size 1024K, 19 young (19456K), 3 survivors (3072K)
 Metaspace       used 49998K, committed 50624K, reserved 1114112K
  class space    used 5946K, committed 6272K, reserved 1048576K
GC Heap History (20 events):
Event: 793.421 GC heap before
{Heap before GC invocations=50 (full 5):
 garbage-first heap   total 73728K, used 42288K [0x0000000082000000, 0x0000000100000000)
  region size 1024K, 4 young (4096K), 1 survivors (1024K)
 Metaspace       used 49414K, committed 49984K, reserved 1114112K
  class space    used 5891K, committed 6208K, reserved 1048576K
}
Event: 793.424 GC heap after
{Heap after GC invocations=51 (full 5):
 garbage-first heap   total 73728K, used 41496K [0x0000000082000000, 0x0000000100000000)
  region size 1024K, 3 young (3072K), 3 survivors (3072K)
 Metaspace       used 49414K, committed 49984K, reserved 1114112K
  class space    used 5891K, committed 6208K, reserved 1048576K
}
Event: 797.204 GC heap before
{Heap before GC invocations=52 (full 5):
 garbage-first heap   total 75776K, used 53784K [0x0000000082000000, 0x0000000100000000)
  region size 1024K, 14 young (14336K), 3 survivors (3072K)
 Metaspace       used 49446K, committed 50048K, reserved 1114112K
  class space    used 5894K, committed 6208K, reserved 1048576K
}
Event: 797.210 GC heap after
{Heap after GC invocations=53 (full 5):
 garbage-first heap   total 75776K, used 40691K [0x0000000082000000, 0x0000000100000000)
  region size 1024K, 2 young (2048K), 2 survivors (2048K)
 Metaspace       used 49446K, committed 50048K, reserved 1114112K
  class space    used 5894K, committed 6208K, reserved 1048576K
}
Event: 908.002 GC heap before
{Heap before GC invocations=53 (full 5):
 garbage-first heap   total 75776K, used 44787K [0x0000000082000000, 0x0000000100000000)
  region size 1024K, 7 young (7168K), 2 survivors (2048K)
 Metaspace       used 49459K, committed 50112K, reserved 1114112K
  class space    used 5895K, committed 6208K, reserved 1048576K
}
Event: 908.090 GC heap after
{Heap after GC invocations=54 (full 6):
 garbage-first heap   total 75776K, used 37461K [0x0000000082000000, 0x0000000100000000)
  region size 1024K, 0 young (0K), 0 survivors (0K)
 Metaspace       used 49459K, committed 50112K, reserved 1114112K
  class space    used 5895K, committed 6208K, reserved 1048576K
}
Event: 909.809 GC heap before
{Heap before GC invocations=54 (full 6):
 garbage-first heap   total 75776K, used 53845K [0x0000000082000000, 0x0000000100000000)
  region size 1024K, 16 young (16384K), 0 survivors (0K)
 Metaspace       used 49503K, committed 50112K, reserved 1114112K
  class space    used 5896K, committed 6208K, reserved 1048576K
}
Event: 909.812 GC heap after
{Heap after GC invocations=55 (full 6):
 garbage-first heap   total 75776K, used 39565K [0x0000000082000000, 0x0000000100000000)
  region size 1024K, 2 young (2048K), 2 survivors (2048K)
 Metaspace       used 49503K, committed 50112K, reserved 1114112K
  class space    used 5896K, committed 6208K, reserved 1048576K
}
Event: 910.662 GC heap before
{Heap before GC invocations=56 (full 6):
 garbage-first heap   total 75776K, used 54925K [0x0000000082000000, 0x0000000100000000)
  region size 1024K, 17 young (17408K), 2 survivors (2048K)
 Metaspace       used 49507K, committed 50112K, reserved 1114112K
  class space    used 5896K, committed 6208K, reserved 1048576K
}
Event: 910.666 GC heap after
{Heap after GC invocations=57 (full 6):
 garbage-first heap   total 75776K, used 40074K [0x0000000082000000, 0x0000000100000000)
  region size 1024K, 2 young (2048K), 2 survivors (2048K)
 Metaspace       used 49507K, committed 50112K, reserved 1114112K
  class space    used 5896K, committed 6208K, reserved 1048576K
}
Event: 911.380 GC heap before
{Heap before GC invocations=57 (full 6):
 garbage-first heap   total 75776K, used 54410K [0x0000000082000000, 0x0000000100000000)
  region size 1024K, 17 young (17408K), 2 survivors (2048K)
 Metaspace       used 49517K, committed 50112K, reserved 1114112K
  class space    used 5896K, committed 6208K, reserved 1048576K
}
Event: 911.386 GC heap after
{Heap after GC invocations=58 (full 6):
 garbage-first heap   total 75776K, used 41890K [0x0000000082000000, 0x0000000100000000)
  region size 1024K, 3 young (3072K), 3 survivors (3072K)
 Metaspace       used 49517K, committed 50112K, reserved 1114112K
  class space    used 5896K, committed 6208K, reserved 1048576K
}
Event: 928.644 GC heap before
{Heap before GC invocations=59 (full 6):
 garbage-first heap   total 78848K, used 54178K [0x0000000082000000, 0x0000000100000000)
  region size 1024K, 15 young (15360K), 3 survivors (3072K)
 Metaspace       used 49544K, committed 50176K, reserved 1114112K
  class space    used 5897K, committed 6208K, reserved 1048576K
}
Event: 928.739 GC heap after
{Heap after GC invocations=60 (full 7):
 garbage-first heap   total 78848K, used 40012K [0x0000000082000000, 0x0000000100000000)
  region size 1024K, 0 young (0K), 0 survivors (0K)
 Metaspace       used 49544K, committed 50176K, reserved 1114112K
  class space    used 5897K, committed 6208K, reserved 1048576K
}
Event: 930.659 GC heap before
{Heap before GC invocations=60 (full 7):
 garbage-first heap   total 78848K, used 58444K [0x0000000082000000, 0x0000000100000000)
  region size 1024K, 18 young (18432K), 0 survivors (0K)
 Metaspace       used 49607K, committed 50176K, reserved 1114112K
  class space    used 5901K, committed 6208K, reserved 1048576K
}
Event: 930.662 GC heap after
{Heap after GC invocations=61 (full 7):
 garbage-first heap   total 78848K, used 42459K [0x0000000082000000, 0x0000000100000000)
  region size 1024K, 3 young (3072K), 3 survivors (3072K)
 Metaspace       used 49607K, committed 50176K, reserved 1114112K
  class space    used 5901K, committed 6208K, reserved 1048576K
}
Event: 931.523 GC heap before
{Heap before GC invocations=62 (full 7):
 garbage-first heap   total 80896K, used 58843K [0x0000000082000000, 0x0000000100000000)
  region size 1024K, 19 young (19456K), 3 survivors (3072K)
 Metaspace       used 49638K, committed 50240K, reserved 1114112K
  class space    used 5906K, committed 6208K, reserved 1048576K
}
Event: 931.528 GC heap after
{Heap after GC invocations=63 (full 7):
 garbage-first heap   total 80896K, used 42936K [0x0000000082000000, 0x0000000100000000)
  region size 1024K, 2 young (2048K), 2 survivors (2048K)
 Metaspace       used 49638K, committed 50240K, reserved 1114112K
  class space    used 5906K, committed 6208K, reserved 1048576K
}
Event: 931.954 GC heap before
{Heap before GC invocations=63 (full 7):
 garbage-first heap   total 80896K, used 54200K [0x0000000082000000, 0x0000000100000000)
  region size 1024K, 14 young (14336K), 2 survivors (2048K)
 Metaspace       used 49676K, committed 50240K, reserved 1114112K
  class space    used 5910K, committed 6208K, reserved 1048576K
}
Event: 931.958 GC heap after
{Heap after GC invocations=64 (full 7):
 garbage-first heap   total 80896K, used 44397K [0x0000000082000000, 0x0000000100000000)
  region size 1024K, 3 young (3072K), 3 survivors (3072K)
 Metaspace       used 49676K, committed 50240K, reserved 1114112K
  class space    used 5910K, committed 6208K, reserved 1048576K
}

