# JRE version: OpenJDK Runtime Environment Temurin-17.0.7+7 (17.0.7+7) (build 17.0.7+7)
# Java VM: OpenJDK 64-Bit Server VM Temurin-17.0.7+7 (17.0.7+7, mixed mode, emulated-client, tiered, compressed oops, compressed class ptrs, g1 gc, windows-amd64)
GC Precious Log:
 CPUs: 4 total, 4 available
 Memory: 8060M
 Large Page Support: Disabled
 NUMA Support: Disabled
 Compressed Oops: Enabled (32-bit)
 Heap Region Size: 1M
 Heap Min Capacity: 8M
 Heap Initial Capacity: 126M
 Heap Max Capacity: 2016M
 Pre-touch: Disabled
 Parallel Workers: 4
 Concurrent Workers: 1
 Concurrent Refinement Workers: 4
 Periodic GC: Disabled
Heap:
 garbage-first heap   total 66560K, used 29075K [0x0000000082000000, 0x0000000100000000)
  region size 1024K, 4 young (4096K), 2 survivors (2048K)
 Metaspace       used 47325K, committed 48064K, reserved 1114112K
  class space    used 6223K, committed 6528K, reserved 1048576K
GC Heap History (20 events):
Event: 15.945 GC heap before
{Heap before GC invocations=16 (full 0):
 garbage-first heap   total 66560K, used 48880K [0x0000000082000000, 0x0000000100000000)
  region size 1024K, 20 young (20480K), 3 survivors (3072K)
 Metaspace       used 45032K, committed 45568K, reserved 1114112K
  class space    used 5945K, committed 6208K, reserved 1048576K
}
Event: 15.955 GC heap after
{Heap after GC invocations=17 (full 0):
 garbage-first heap   total 66560K, used 33036K [0x0000000082000000, 0x0000000100000000)
  region size 1024K, 2 young (2048K), 2 survivors (2048K)
 Metaspace       used 45032K, committed 45568K, reserved 1114112K
  class space    used 5945K, committed 6208K, reserved 1048576K
}
Event: 334.517 GC heap before
{Heap before GC invocations=17 (full 0):
 garbage-first heap   total 66560K, used 49420K [0x0000000082000000, 0x0000000100000000)
  region size 1024K, 19 young (19456K), 2 survivors (2048K)
 Metaspace       used 47452K, committed 48064K, reserved 1114112K
  class space    used 6260K, committed 6528K, reserved 1048576K
}
Event: 334.528 GC heap after
{Heap after GC invocations=18 (full 0):
 garbage-first heap   total 66560K, used 33790K [0x0000000082000000, 0x0000000100000000)
  region size 1024K, 1 young (1024K), 1 survivors (1024K)
 Metaspace       used 47452K, committed 48064K, reserved 1114112K
  class space    used 6260K, committed 6528K, reserved 1048576K
}
Event: 387.419 GC heap before
{Heap before GC invocations=19 (full 0):
 garbage-first heap   total 66560K, used 34814K [0x0000000082000000, 0x0000000100000000)
  region size 1024K, 5 young (5120K), 1 survivors (1024K)
 Metaspace       used 47350K, committed 48064K, reserved 1114112K
  class space    used 6235K, committed 6528K, reserved 1048576K
}
Event: 387.481 GC heap after
{Heap after GC invocations=20 (full 1):
 garbage-first heap   total 66560K, used 20469K [0x0000000082000000, 0x0000000100000000)
  region size 1024K, 0 young (0K), 0 survivors (0K)
 Metaspace       used 47257K, committed 48064K, reserved 1114112K
  class space    used 6217K, committed 6528K, reserved 1048576K
}
Event: 390.342 GC heap before
{Heap before GC invocations=20 (full 1):
 garbage-first heap   total 66560K, used 47093K [0x0000000082000000, 0x0000000100000000)
  region size 1024K, 27 young (27648K), 0 survivors (0K)
 Metaspace       used 47282K, committed 48064K, reserved 1114112K
  class space    used 6222K, committed 6528K, reserved 1048576K
}
Event: 390.347 GC heap after
{Heap after GC invocations=21 (full 1):
 garbage-first heap   total 66560K, used 23489K [0x0000000082000000, 0x0000000100000000)
  region size 1024K, 3 young (3072K), 3 survivors (3072K)
 Metaspace       used 47282K, committed 48064K, reserved 1114112K
  class space    used 6222K, committed 6528K, reserved 1048576K
}
Event: 391.844 GC heap before
{Heap before GC invocations=21 (full 1):
 garbage-first heap   total 66560K, used 47041K [0x0000000082000000, 0x0000000100000000)
  region size 1024K, 27 young (27648K), 3 survivors (3072K)
 Metaspace       used 47289K, committed 48064K, reserved 1114112K
  class space    used 6223K, committed 6528K, reserved 1048576K
}
Event: 391.853 GC heap after
{Heap after GC invocations=22 (full 1):
 garbage-first heap   total 66560K, used 26505K [0x0000000082000000, 0x0000000100000000)
  region size 1024K, 4 young (4096K), 4 survivors (4096K)
 Metaspace       used 47289K, committed 48064K, reserved 1114112K
  class space    used 6223K, committed 6528K, reserved 1048576K
}
Event: 402.492 GC heap before
{Heap before GC invocations=22 (full 1):
 garbage-first heap   total 66560K, used 49033K [0x0000000082000000, 0x0000000100000000)
  region size 1024K, 25 young (25600K), 4 survivors (4096K)
 Metaspace       used 47351K, committed 48064K, reserved 1114112K
  class space    used 6234K, committed 6528K, reserved 1048576K
}
Event: 402.501 GC heap after
{Heap after GC invocations=23 (full 1):
 garbage-first heap   total 66560K, used 27873K [0x0000000082000000, 0x0000000100000000)
  region size 1024K, 3 young (3072K), 3 survivors (3072K)
 Metaspace       used 47351K, committed 48064K, reserved 1114112K
  class space    used 6234K, committed 6528K, reserved 1048576K
}
Event: 439.815 GC heap before
{Heap before GC invocations=23 (full 1):
 garbage-first heap   total 66560K, used 29921K [0x0000000082000000, 0x0000000100000000)
  region size 1024K, 6 young (6144K), 3 survivors (3072K)
 Metaspace       used 47358K, committed 48064K, reserved 1114112K
  class space    used 6235K, committed 6528K, reserved 1048576K
}
Event: 439.884 GC heap after
{Heap after GC invocations=24 (full 2):
 garbage-first heap   total 66560K, used 22907K [0x0000000082000000, 0x0000000100000000)
  region size 1024K, 0 young (0K), 0 survivors (0K)
 Metaspace       used 47254K, committed 48064K, reserved 1114112K
  class space    used 6211K, committed 6528K, reserved 1048576K
}
Event: 442.568 GC heap before
{Heap before GC invocations=24 (full 2):
 garbage-first heap   total 66560K, used 47483K [0x0000000082000000, 0x0000000100000000)
  region size 1024K, 25 young (25600K), 0 survivors (0K)
 Metaspace       used 47264K, committed 48064K, reserved 1114112K
  class space    used 6213K, committed 6528K, reserved 1048576K
}
Event: 442.574 GC heap after
{Heap after GC invocations=25 (full 2):
 garbage-first heap   total 66560K, used 25842K [0x0000000082000000, 0x0000000100000000)
  region size 1024K, 3 young (3072K), 3 survivors (3072K)
 Metaspace       used 47264K, committed 48064K, reserved 1114112K
  class space    used 6213K, committed 6528K, reserved 1048576K
}
Event: 444.446 GC heap before
{Heap before GC invocations=25 (full 2):
 garbage-first heap   total 66560K, used 48370K [0x0000000082000000, 0x0000000100000000)
  region size 1024K, 25 young (25600K), 3 survivors (3072K)
 Metaspace       used 47273K, committed 48064K, reserved 1114112K
  class space    used 6214K, committed 6528K, reserved 1048576K
}
Event: 444.452 GC heap after
{Heap after GC invocations=26 (full 2):
 garbage-first heap   total 66560K, used 27191K [0x0000000082000000, 0x0000000100000000)
  region size 1024K, 3 young (3072K), 3 survivors (3072K)
 Metaspace       used 47273K, committed 48064K, reserved 1114112K
  class space    used 6214K, committed 6528K, reserved 1048576K
}
Event: 475.624 GC heap before
{Heap before GC invocations=26 (full 2):
 garbage-first heap   total 66560K, used 48695K [0x0000000082000000, 0x0000000100000000)
  region size 1024K, 24 young (24576K), 3 survivors (3072K)
 Metaspace       used 47321K, committed 48064K, reserved 1114112K
  class space    used 6222K, committed 6528K, reserved 1048576K
}
Event: 475.633 GC heap after
{Heap after GC invocations=27 (full 2):
 garbage-first heap   total 66560K, used 28051K [0x0000000082000000, 0x0000000100000000)
  region size 1024K, 2 young (2048K), 2 survivors (2048K)
 Metaspace       used 47321K, committed 48064K, reserved 1114112K
  class space    used 6222K, committed 6528K, reserved 1048576K
}

