# JRE version: OpenJDK Runtime Environment Temurin-17.0.7+7 (17.0.7+7) (build 17.0.7+7)
# Java VM: OpenJDK 64-Bit Server VM Temurin-17.0.7+7 (17.0.7+7, mixed mode, tiered, compressed oops, compressed class ptrs, g1 gc, windows-amd64)
GC Precious Log:
 CPUs: 4 total, 4 available
 Memory: 8060M
 Large Page Support: Disabled
 NUMA Support: Disabled
 Compressed Oops: Enabled (32-bit)
 Heap Region Size: 1M
 Heap Min Capacity: 8M
 Heap Initial Capacity: 126M
 Heap Max Capacity: 2016M
 Pre-touch: Disabled
 Parallel Workers: 4
 Concurrent Workers: 1
 Concurrent Refinement Workers: 4
 Periodic GC: Disabled
Heap:
 garbage-first heap   total 46080K, used 32870K [0x0000000082000000, 0x0000000100000000)
  region size 1024K, 18 young (18432K), 3 survivors (3072K)
 Metaspace       used 40846K, committed 41280K, reserved 1114112K
  class space    used 4870K, committed 5120K, reserved 1048576K
GC Heap History (20 events):
Event: 5.208 GC heap before
{Heap before GC invocations=2 (full 0):
 garbage-first heap   total 129024K, used 30915K [0x0000000082000000, 0x0000000100000000)
  region size 1024K, 24 young (24576K), 2 survivors (2048K)
 Metaspace       used 21200K, committed 21504K, reserved 1114112K
  class space    used 2339K, committed 2496K, reserved 1048576K
}
Event: 5.217 GC heap after
{Heap after GC invocations=3 (full 0):
 garbage-first heap   total 129024K, used 9909K [0x0000000082000000, 0x0000000100000000)
  region size 1024K, 3 young (3072K), 3 survivors (3072K)
 Metaspace       used 21200K, committed 21504K, reserved 1114112K
  class space    used 2339K, committed 2496K, reserved 1048576K
}
Event: 5.219 GC heap before
{Heap before GC invocations=3 (full 0):
 garbage-first heap   total 129024K, used 9909K [0x0000000082000000, 0x0000000100000000)
  region size 1024K, 4 young (4096K), 3 survivors (3072K)
 Metaspace       used 21217K, committed 21504K, reserved 1114112K
  class space    used 2339K, committed 2496K, reserved 1048576K
}
Event: 5.226 GC heap after
{Heap after GC invocations=4 (full 0):
 garbage-first heap   total 129024K, used 9986K [0x0000000082000000, 0x0000000100000000)
  region size 1024K, 3 young (3072K), 3 survivors (3072K)
 Metaspace       used 21217K, committed 21504K, reserved 1114112K
  class space    used 2339K, committed 2496K, reserved 1048576K
}
Event: 6.123 GC heap before
{Heap before GC invocations=5 (full 0):
 garbage-first heap   total 37888K, used 28418K [0x0000000082000000, 0x0000000100000000)
  region size 1024K, 22 young (22528K), 3 survivors (3072K)
 Metaspace       used 26434K, committed 26752K, reserved 1114112K
  class space    used 2958K, committed 3136K, reserved 1048576K
}
Event: 6.134 GC heap after
{Heap after GC invocations=6 (full 0):
 garbage-first heap   total 37888K, used 11238K [0x0000000082000000, 0x0000000100000000)
  region size 1024K, 4 young (4096K), 4 survivors (4096K)
 Metaspace       used 26434K, committed 26752K, reserved 1114112K
  class space    used 2958K, committed 3136K, reserved 1048576K
}
Event: 6.813 GC heap before
{Heap before GC invocations=6 (full 0):
 garbage-first heap   total 37888K, used 25574K [0x0000000082000000, 0x0000000100000000)
  region size 1024K, 19 young (19456K), 4 survivors (4096K)
 Metaspace       used 29650K, committed 29952K, reserved 1114112K
  class space    used 3390K, committed 3520K, reserved 1048576K
}
Event: 6.826 GC heap after
{Heap after GC invocations=7 (full 0):
 garbage-first heap   total 37888K, used 12814K [0x0000000082000000, 0x0000000100000000)
  region size 1024K, 3 young (3072K), 3 survivors (3072K)
 Metaspace       used 29650K, committed 29952K, reserved 1114112K
  class space    used 3390K, committed 3520K, reserved 1048576K
}
Event: 7.849 GC heap before
{Heap before GC invocations=7 (full 0):
 garbage-first heap   total 37888K, used 25102K [0x0000000082000000, 0x0000000100000000)
  region size 1024K, 16 young (16384K), 3 survivors (3072K)
 Metaspace       used 31091K, committed 31424K, reserved 1114112K
  class space    used 3547K, committed 3712K, reserved 1048576K
}
Event: 7.861 GC heap after
{Heap after GC invocations=8 (full 0):
 garbage-first heap   total 37888K, used 14218K [0x0000000082000000, 0x0000000100000000)
  region size 1024K, 2 young (2048K), 2 survivors (2048K)
 Metaspace       used 31091K, committed 31424K, reserved 1114112K
  class space    used 3547K, committed 3712K, reserved 1048576K
}
Event: 9.113 GC heap before
{Heap before GC invocations=8 (full 0):
 garbage-first heap   total 37888K, used 26506K [0x0000000082000000, 0x0000000100000000)
  region size 1024K, 14 young (14336K), 2 survivors (2048K)
 Metaspace       used 31945K, committed 32320K, reserved 1114112K
  class space    used 3633K, committed 3776K, reserved 1048576K
}
Event: 9.118 GC heap after
{Heap after GC invocations=9 (full 0):
 garbage-first heap   total 46080K, used 15448K [0x0000000082000000, 0x0000000100000000)
  region size 1024K, 2 young (2048K), 2 survivors (2048K)
 Metaspace       used 31945K, committed 32320K, reserved 1114112K
  class space    used 3633K, committed 3776K, reserved 1048576K
}
Event: 10.388 GC heap before
{Heap before GC invocations=9 (full 0):
 garbage-first heap   total 46080K, used 33880K [0x0000000082000000, 0x0000000100000000)
  region size 1024K, 20 young (20480K), 2 survivors (2048K)
 Metaspace       used 33804K, committed 34176K, reserved 1114112K
  class space    used 3876K, committed 4032K, reserved 1048576K
}
Event: 10.396 GC heap after
{Heap after GC invocations=10 (full 0):
 garbage-first heap   total 46080K, used 16671K [0x0000000082000000, 0x0000000100000000)
  region size 1024K, 3 young (3072K), 3 survivors (3072K)
 Metaspace       used 33804K, committed 34176K, reserved 1114112K
  class space    used 3876K, committed 4032K, reserved 1048576K
}
Event: 11.939 GC heap before
{Heap before GC invocations=10 (full 0):
 garbage-first heap   total 46080K, used 34079K [0x0000000082000000, 0x0000000100000000)
  region size 1024K, 20 young (20480K), 3 survivors (3072K)
 Metaspace       used 35719K, committed 36096K, reserved 1114112K
  class space    used 4176K, committed 4352K, reserved 1048576K
}
Event: 11.948 GC heap after
{Heap after GC invocations=11 (full 0):
 garbage-first heap   total 46080K, used 17976K [0x0000000082000000, 0x0000000100000000)
  region size 1024K, 3 young (3072K), 3 survivors (3072K)
 Metaspace       used 35719K, committed 36096K, reserved 1114112K
  class space    used 4176K, committed 4352K, reserved 1048576K
}
Event: 12.008 GC heap before
{Heap before GC invocations=11 (full 0):
 garbage-first heap   total 46080K, used 17976K [0x0000000082000000, 0x0000000100000000)
  region size 1024K, 4 young (4096K), 3 survivors (3072K)
 Metaspace       used 35758K, committed 36096K, reserved 1114112K
  class space    used 4183K, committed 4352K, reserved 1048576K
}
Event: 12.016 GC heap after
{Heap after GC invocations=12 (full 0):
 garbage-first heap   total 46080K, used 18027K [0x0000000082000000, 0x0000000100000000)
  region size 1024K, 2 young (2048K), 2 survivors (2048K)
 Metaspace       used 35758K, committed 36096K, reserved 1114112K
  class space    used 4183K, committed 4352K, reserved 1048576K
}
Event: 13.293 GC heap before
{Heap before GC invocations=13 (full 0):
 garbage-first heap   total 46080K, used 35435K [0x0000000082000000, 0x0000000100000000)
  region size 1024K, 19 young (19456K), 2 survivors (2048K)
 Metaspace       used 38548K, committed 38912K, reserved 1114112K
  class space    used 4559K, committed 4736K, reserved 1048576K
}
Event: 13.302 GC heap after
{Heap after GC invocations=14 (full 0):
 garbage-first heap   total 46080K, used 19558K [0x0000000082000000, 0x0000000100000000)
  region size 1024K, 3 young (3072K), 3 survivors (3072K)
 Metaspace       used 38548K, committed 38912K, reserved 1114112K
  class space    used 4559K, committed 4736K, reserved 1048576K
}

