# JRE version: OpenJDK Runtime Environment Temurin-17.0.7+7 (17.0.7+7) (build 17.0.7+7)
# Java VM: OpenJDK 64-Bit Server VM Temurin-17.0.7+7 (17.0.7+7, mixed mode, tiered, compressed oops, compressed class ptrs, g1 gc, windows-amd64)
GC Precious Log:
 CPUs: 4 total, 4 available
 Memory: 8060M
 Large Page Support: Disabled
 NUMA Support: Disabled
 Compressed Oops: Enabled (32-bit)
 Heap Region Size: 1M
 Heap Min Capacity: 8M
 Heap Initial Capacity: 126M
 Heap Max Capacity: 2016M
 Pre-touch: Disabled
 Parallel Workers: 4
 Concurrent Workers: 1
 Concurrent Refinement Workers: 4
 Periodic GC: Disabled
Heap:
 garbage-first heap   total 91136K, used 47735K [0x0000000082000000, 0x0000000100000000)
  region size 1024K, 14 young (14336K), 4 survivors (4096K)
 Metaspace       used 74287K, committed 75072K, reserved 1179648K
  class space    used 9551K, committed 9920K, reserved 1048576K
GC Heap History (20 events):
Event: 314.151 GC heap before
{Heap before GC invocations=53 (full 2):
 garbage-first heap   total 67584K, used 52959K [0x0000000082000000, 0x0000000100000000)
  region size 1024K, 22 young (22528K), 2 survivors (2048K)
 Metaspace       used 73520K, committed 74176K, reserved 1114112K
  class space    used 9489K, committed 9792K, reserved 1048576K
}
Event: 314.163 GC heap after
{Heap after GC invocations=54 (full 2):
 garbage-first heap   total 67584K, used 33060K [0x0000000082000000, 0x0000000100000000)
  region size 1024K, 3 young (3072K), 3 survivors (3072K)
 Metaspace       used 73520K, committed 74176K, reserved 1114112K
  class space    used 9489K, committed 9792K, reserved 1048576K
}
Event: 319.429 GC heap before
{Heap before GC invocations=55 (full 2):
 garbage-first heap   total 67584K, used 53540K [0x0000000082000000, 0x0000000100000000)
  region size 1024K, 23 young (23552K), 3 survivors (3072K)
 Metaspace       used 73666K, committed 74368K, reserved 1114112K
  class space    used 9494K, committed 9856K, reserved 1048576K
}
Event: 319.436 GC heap after
{Heap after GC invocations=56 (full 2):
 garbage-first heap   total 67584K, used 34502K [0x0000000082000000, 0x0000000100000000)
  region size 1024K, 3 young (3072K), 3 survivors (3072K)
 Metaspace       used 73666K, committed 74368K, reserved 1114112K
  class space    used 9494K, committed 9856K, reserved 1048576K
}
Event: 319.887 GC heap before
{Heap before GC invocations=56 (full 2):
 garbage-first heap   total 67584K, used 52934K [0x0000000082000000, 0x0000000100000000)
  region size 1024K, 21 young (21504K), 3 survivors (3072K)
 Metaspace       used 73681K, committed 74368K, reserved 1114112K
  class space    used 9496K, committed 9856K, reserved 1048576K
}
Event: 319.894 GC heap after
{Heap after GC invocations=57 (full 2):
 garbage-first heap   total 67584K, used 35200K [0x0000000082000000, 0x0000000100000000)
  region size 1024K, 1 young (1024K), 1 survivors (1024K)
 Metaspace       used 73681K, committed 74368K, reserved 1114112K
  class space    used 9496K, committed 9856K, reserved 1048576K
}
Event: 320.452 GC heap before
{Heap before GC invocations=58 (full 2):
 garbage-first heap   total 70656K, used 53632K [0x0000000082000000, 0x0000000100000000)
  region size 1024K, 19 young (19456K), 1 survivors (1024K)
 Metaspace       used 73766K, committed 74432K, reserved 1114112K
  class space    used 9499K, committed 9856K, reserved 1048576K
}
Event: 320.457 GC heap after
{Heap after GC invocations=59 (full 2):
 garbage-first heap   total 70656K, used 35726K [0x0000000082000000, 0x0000000100000000)
  region size 1024K, 2 young (2048K), 2 survivors (2048K)
 Metaspace       used 73766K, committed 74432K, reserved 1114112K
  class space    used 9499K, committed 9856K, reserved 1048576K
}
Event: 323.503 GC heap before
{Heap before GC invocations=59 (full 2):
 garbage-first heap   total 70656K, used 50062K [0x0000000082000000, 0x0000000100000000)
  region size 1024K, 17 young (17408K), 2 survivors (2048K)
 Metaspace       used 73810K, committed 74560K, reserved 1114112K
  class space    used 9500K, committed 9856K, reserved 1048576K
}
Event: 323.588 GC heap after
{Heap after GC invocations=60 (full 3):
 garbage-first heap   total 70656K, used 31525K [0x0000000082000000, 0x0000000100000000)
  region size 1024K, 0 young (0K), 0 survivors (0K)
 Metaspace       used 73810K, committed 74560K, reserved 1114112K
  class space    used 9500K, committed 9856K, reserved 1048576K
}
Event: 325.899 GC heap before
{Heap before GC invocations=60 (full 3):
 garbage-first heap   total 70656K, used 57125K [0x0000000082000000, 0x0000000100000000)
  region size 1024K, 25 young (25600K), 0 survivors (0K)
 Metaspace       used 73882K, committed 74624K, reserved 1114112K
  class space    used 9506K, committed 9856K, reserved 1048576K
}
Event: 325.905 GC heap after
{Heap after GC invocations=61 (full 3):
 garbage-first heap   total 70656K, used 34597K [0x0000000082000000, 0x0000000100000000)
  region size 1024K, 3 young (3072K), 3 survivors (3072K)
 Metaspace       used 73882K, committed 74624K, reserved 1114112K
  class space    used 9506K, committed 9856K, reserved 1048576K
}
Event: 328.501 GC heap before
{Heap before GC invocations=62 (full 3):
 garbage-first heap   total 70656K, used 56101K [0x0000000082000000, 0x0000000100000000)
  region size 1024K, 24 young (24576K), 3 survivors (3072K)
 Metaspace       used 73909K, committed 74624K, reserved 1114112K
  class space    used 9509K, committed 9856K, reserved 1048576K
}
Event: 328.508 GC heap after
{Heap after GC invocations=63 (full 3):
 garbage-first heap   total 70656K, used 35329K [0x0000000082000000, 0x0000000100000000)
  region size 1024K, 2 young (2048K), 2 survivors (2048K)
 Metaspace       used 73909K, committed 74624K, reserved 1114112K
  class space    used 9509K, committed 9856K, reserved 1048576K
}
Event: 329.052 GC heap before
{Heap before GC invocations=63 (full 3):
 garbage-first heap   total 70656K, used 54785K [0x0000000082000000, 0x0000000100000000)
  region size 1024K, 22 young (22528K), 2 survivors (2048K)
 Metaspace       used 73929K, committed 74624K, reserved 1114112K
  class space    used 9509K, committed 9856K, reserved 1048576K
}
Event: 329.057 GC heap after
{Heap after GC invocations=64 (full 3):
 garbage-first heap   total 70656K, used 35804K [0x0000000082000000, 0x0000000100000000)
  region size 1024K, 3 young (3072K), 3 survivors (3072K)
 Metaspace       used 73929K, committed 74624K, reserved 1114112K
  class space    used 9509K, committed 9856K, reserved 1048576K
}
Event: 332.491 GC heap before
{Heap before GC invocations=65 (full 3):
 garbage-first heap   total 75776K, used 55260K [0x0000000082000000, 0x0000000100000000)
  region size 1024K, 22 young (22528K), 3 survivors (3072K)
 Metaspace       used 74263K, committed 75008K, reserved 1114112K
  class space    used 9550K, committed 9920K, reserved 1048576K
}
Event: 332.496 GC heap after
{Heap after GC invocations=66 (full 3):
 garbage-first heap   total 91136K, used 36799K [0x0000000082000000, 0x0000000100000000)
  region size 1024K, 3 young (3072K), 3 survivors (3072K)
 Metaspace       used 74263K, committed 75008K, reserved 1114112K
  class space    used 9550K, committed 9920K, reserved 1048576K
}
Event: 334.016 GC heap before
{Heap before GC invocations=66 (full 3):
 garbage-first heap   total 91136K, used 71615K [0x0000000082000000, 0x0000000100000000)
  region size 1024K, 37 young (37888K), 3 survivors (3072K)
 Metaspace       used 74281K, committed 75008K, reserved 1114112K
  class space    used 9551K, committed 9920K, reserved 1048576K
}
Event: 334.027 GC heap after
{Heap after GC invocations=67 (full 3):
 garbage-first heap   total 91136K, used 38519K [0x0000000082000000, 0x0000000100000000)
  region size 1024K, 4 young (4096K), 4 survivors (4096K)
 Metaspace       used 74281K, committed 75008K, reserved 1114112K
  class space    used 9551K, committed 9920K, reserved 1048576K
}

