# JRE version: OpenJDK Runtime Environment Temurin-17.0.7+7 (17.0.7+7) (build 17.0.7+7)
# Java VM: OpenJDK 64-Bit Server VM Temurin-17.0.7+7 (17.0.7+7, mixed mode, tiered, compressed oops, compressed class ptrs, g1 gc, windows-amd64)
GC Precious Log:
 CPUs: 4 total, 4 available
 Memory: 8060M
 Large Page Support: Disabled
 NUMA Support: Disabled
 Compressed Oops: Enabled (32-bit)
 Heap Region Size: 1M
 Heap Min Capacity: 8M
 Heap Initial Capacity: 126M
 Heap Max Capacity: 2016M
 Pre-touch: Disabled
 Parallel Workers: 4
 Concurrent Workers: 1
 Concurrent Refinement Workers: 4
 Periodic GC: Disabled
Heap:
 garbage-first heap   total 40960K, used 21193K [0x0000000082000000, 0x0000000100000000)
  region size 1024K, 3 young (3072K), 2 survivors (2048K)
 Metaspace       used 40999K, committed 41472K, reserved 1114112K
  class space    used 4853K, committed 5056K, reserved 1048576K
GC Heap History (20 events):
Event: 4.865 GC heap before
{Heap before GC invocations=4 (full 0):
 garbage-first heap   total 40960K, used 29522K [0x0000000082000000, 0x0000000100000000)
  region size 1024K, 24 young (24576K), 4 survivors (4096K)
 Metaspace       used 26039K, committed 26304K, reserved 1114112K
  class space    used 2940K, committed 3072K, reserved 1048576K
}
Event: 4.876 GC heap after
{Heap after GC invocations=5 (full 0):
 garbage-first heap   total 40960K, used 12205K [0x0000000082000000, 0x0000000100000000)
  region size 1024K, 3 young (3072K), 3 survivors (3072K)
 Metaspace       used 26039K, committed 26304K, reserved 1114112K
  class space    used 2940K, committed 3072K, reserved 1048576K
}
Event: 4.933 GC heap before
{Heap before GC invocations=5 (full 0):
 garbage-first heap   total 40960K, used 12205K [0x0000000082000000, 0x0000000100000000)
  region size 1024K, 4 young (4096K), 3 survivors (3072K)
 Metaspace       used 26166K, committed 26496K, reserved 1114112K
  class space    used 2951K, committed 3072K, reserved 1048576K
}
Event: 4.941 GC heap after
{Heap after GC invocations=6 (full 0):
 garbage-first heap   total 40960K, used 12563K [0x0000000082000000, 0x0000000100000000)
  region size 1024K, 1 young (1024K), 1 survivors (1024K)
 Metaspace       used 26166K, committed 26496K, reserved 1114112K
  class space    used 2951K, committed 3072K, reserved 1048576K
}
Event: 6.621 GC heap before
{Heap before GC invocations=6 (full 0):
 garbage-first heap   total 40960K, used 26899K [0x0000000082000000, 0x0000000100000000)
  region size 1024K, 15 young (15360K), 1 survivors (1024K)
 Metaspace       used 27721K, committed 27968K, reserved 1114112K
  class space    used 3117K, committed 3200K, reserved 1048576K
}
Event: 6.625 GC heap after
{Heap after GC invocations=7 (full 0):
 garbage-first heap   total 40960K, used 13659K [0x0000000082000000, 0x0000000100000000)
  region size 1024K, 2 young (2048K), 2 survivors (2048K)
 Metaspace       used 27721K, committed 27968K, reserved 1114112K
  class space    used 3117K, committed 3200K, reserved 1048576K
}
Event: 7.548 GC heap before
{Heap before GC invocations=7 (full 0):
 garbage-first heap   total 40960K, used 27995K [0x0000000082000000, 0x0000000100000000)
  region size 1024K, 16 young (16384K), 2 survivors (2048K)
 Metaspace       used 28627K, committed 28928K, reserved 1114112K
  class space    used 3218K, committed 3328K, reserved 1048576K
}
Event: 7.552 GC heap after
{Heap after GC invocations=8 (full 0):
 garbage-first heap   total 40960K, used 14880K [0x0000000082000000, 0x0000000100000000)
  region size 1024K, 2 young (2048K), 2 survivors (2048K)
 Metaspace       used 28627K, committed 28928K, reserved 1114112K
  class space    used 3218K, committed 3328K, reserved 1048576K
}
Event: 8.447 GC heap before
{Heap before GC invocations=8 (full 0):
 garbage-first heap   total 40960K, used 28192K [0x0000000082000000, 0x0000000100000000)
  region size 1024K, 15 young (15360K), 2 survivors (2048K)
 Metaspace       used 30143K, committed 30400K, reserved 1114112K
  class space    used 3417K, committed 3520K, reserved 1048576K
}
Event: 8.452 GC heap after
{Heap after GC invocations=9 (full 0):
 garbage-first heap   total 40960K, used 15766K [0x0000000082000000, 0x0000000100000000)
  region size 1024K, 1 young (1024K), 1 survivors (1024K)
 Metaspace       used 30143K, committed 30400K, reserved 1114112K
  class space    used 3417K, committed 3520K, reserved 1048576K
}
Event: 9.948 GC heap before
{Heap before GC invocations=9 (full 0):
 garbage-first heap   total 40960K, used 30102K [0x0000000082000000, 0x0000000100000000)
  region size 1024K, 15 young (15360K), 1 survivors (1024K)
 Metaspace       used 31897K, committed 32192K, reserved 1114112K
  class space    used 3681K, committed 3840K, reserved 1048576K
}
Event: 9.952 GC heap after
{Heap after GC invocations=10 (full 0):
 garbage-first heap   total 40960K, used 16836K [0x0000000082000000, 0x0000000100000000)
  region size 1024K, 2 young (2048K), 2 survivors (2048K)
 Metaspace       used 31897K, committed 32192K, reserved 1114112K
  class space    used 3681K, committed 3840K, reserved 1048576K
}
Event: 11.223 GC heap before
{Heap before GC invocations=10 (full 0):
 garbage-first heap   total 40960K, used 31172K [0x0000000082000000, 0x0000000100000000)
  region size 1024K, 16 young (16384K), 2 survivors (2048K)
 Metaspace       used 33706K, committed 33984K, reserved 1114112K
  class space    used 3951K, committed 4096K, reserved 1048576K
}
Event: 11.230 GC heap after
{Heap after GC invocations=11 (full 0):
 garbage-first heap   total 40960K, used 18117K [0x0000000082000000, 0x0000000100000000)
  region size 1024K, 2 young (2048K), 2 survivors (2048K)
 Metaspace       used 33706K, committed 33984K, reserved 1114112K
  class space    used 3951K, committed 4096K, reserved 1048576K
}
Event: 11.697 GC heap before
{Heap before GC invocations=11 (full 0):
 garbage-first heap   total 40960K, used 25285K [0x0000000082000000, 0x0000000100000000)
  region size 1024K, 10 young (10240K), 2 survivors (2048K)
 Metaspace       used 35785K, committed 36096K, reserved 1114112K
  class space    used 4202K, committed 4352K, reserved 1048576K
}
Event: 11.701 GC heap after
{Heap after GC invocations=12 (full 0):
 garbage-first heap   total 40960K, used 18724K [0x0000000082000000, 0x0000000100000000)
  region size 1024K, 1 young (1024K), 1 survivors (1024K)
 Metaspace       used 35785K, committed 36096K, reserved 1114112K
  class space    used 4202K, committed 4352K, reserved 1048576K
}
Event: 15.148 GC heap before
{Heap before GC invocations=13 (full 0):
 garbage-first heap   total 40960K, used 31012K [0x0000000082000000, 0x0000000100000000)
  region size 1024K, 14 young (14336K), 1 survivors (1024K)
 Metaspace       used 37537K, committed 37888K, reserved 1114112K
  class space    used 4474K, committed 4608K, reserved 1048576K
}
Event: 15.153 GC heap after
{Heap after GC invocations=14 (full 0):
 garbage-first heap   total 40960K, used 19707K [0x0000000082000000, 0x0000000100000000)
  region size 1024K, 2 young (2048K), 2 survivors (2048K)
 Metaspace       used 37537K, committed 37888K, reserved 1114112K
  class space    used 4474K, committed 4608K, reserved 1048576K
}
Event: 20.004 GC heap before
{Heap before GC invocations=14 (full 0):
 garbage-first heap   total 40960K, used 31995K [0x0000000082000000, 0x0000000100000000)
  region size 1024K, 14 young (14336K), 2 survivors (2048K)
 Metaspace       used 39865K, committed 40256K, reserved 1114112K
  class space    used 4716K, committed 4928K, reserved 1048576K
}
Event: 20.010 GC heap after
{Heap after GC invocations=15 (full 0):
 garbage-first heap   total 40960K, used 20653K [0x0000000082000000, 0x0000000100000000)
  region size 1024K, 1 young (1024K), 1 survivors (1024K)
 Metaspace       used 39865K, committed 40256K, reserved 1114112K
  class space    used 4716K, committed 4928K, reserved 1048576K
}

